\BOOKMARK [1][-]{section.1}{\376\377\000A\000s\000s\000u\000m\000e\000d\000\040\000K\000n\000o\000w\000l\000e\000d\000g\000e}{}% 1
\BOOKMARK [1][-]{section.2}{\376\377\000I\000n\000e\000q\000u\000a\000l\000i\000t\000i\000e\000s\000\040\000a\000n\000d\000\040\000S\000e\000t\000s}{}% 2
\BOOKMARK [2][-]{subsection.2.1}{\376\377\000T\000r\000i\000a\000n\000g\000l\000e\000\040\000I\000n\000e\000q\000u\000a\000l\000i\000t\000i\000e\000s}{section.2}% 3
\BOOKMARK [2][-]{subsection.2.2}{\376\377\000S\000e\000t\000s}{section.2}% 4
\BOOKMARK [1][-]{section.3}{\376\377\000F\000u\000n\000c\000t\000i\000o\000n\000s\000\040\000o\000f\000\040\000a\000\040\000C\000o\000m\000p\000l\000e\000x\000\040\000V\000a\000r\000i\000a\000b\000l\000e}{}% 5
\BOOKMARK [1][-]{section.4}{\376\377\000F\000r\000a\000c\000t\000i\000o\000n\000a\000l\000\040\000L\000i\000n\000e\000a\000r\000\040\000T\000r\000a\000n\000s\000f\000o\000r\000m\000a\000t\000i\000o\000n\000s}{}% 6
\BOOKMARK [2][-]{subsection.4.1}{\376\377\000I\000n\000t\000r\000o\000d\000u\000c\000t\000i\000o\000n\000\040\000t\000o\000\040\000F\000L\000T\000s}{section.4}% 7
\BOOKMARK [2][-]{subsection.4.2}{\376\377\000I\000m\000a\000g\000e\000s\000\040\000o\000f\000\040\000F\000L\000T\000s}{section.4}% 8
\BOOKMARK [1][-]{section.5}{\376\377\000L\000i\000m\000i\000t\000s\000\040\000a\000n\000d\000\040\000C\000o\000n\000t\000i\000n\000u\000i\000t\000y}{}% 9
\BOOKMARK [2][-]{subsection.5.1}{\376\377\000L\000i\000m\000i\000t\000s}{section.5}% 10
\BOOKMARK [2][-]{subsection.5.2}{\376\377\000C\000o\000n\000t\000i\000n\000u\000i\000t\000y}{section.5}% 11
\BOOKMARK [1][-]{section.6}{\376\377\000C\000o\000m\000p\000l\000e\000x\000\040\000D\000i\000f\000f\000e\000r\000e\000n\000t\000i\000a\000b\000i\000l\000i\000t\000y}{}% 12
\BOOKMARK [2][-]{subsection.6.1}{\376\377\000C\000a\000u\000c\000h\000y\000-\000R\000e\000i\000m\000a\000n\000n\000\040\000E\000q\000u\000a\000t\000i\000o\000n\000s}{section.6}% 13
\BOOKMARK [1][-]{section.7}{\376\377\000H\000a\000r\000m\000o\000n\000i\000c\000\040\000F\000u\000n\000c\000t\000i\000o\000n\000s}{}% 14
\BOOKMARK [1][-]{section.8}{\376\377\000P\000o\000w\000e\000r\000\040\000S\000e\000r\000i\000e\000s}{}% 15
\BOOKMARK [2][-]{subsection.8.1}{\376\377\000D\000e\000f\000i\000n\000i\000t\000i\000o\000n\000\040\000a\000n\000d\000\040\000C\000o\000n\000v\000e\000r\000g\000e\000n\000c\000e}{section.8}% 16
\BOOKMARK [2][-]{subsection.8.2}{\376\377\000A\000l\000g\000e\000b\000r\000a\000\040\000a\000n\000d\000\040\000C\000a\000l\000c\000u\000l\000u\000s\000\040\000o\000f\000\040\000P\000o\000w\000e\000r\000\040\000S\000e\000r\000i\000e\000s}{section.8}% 17
\BOOKMARK [1][-]{section.9}{\376\377\000E\000x\000p\000o\000n\000e\000n\000t\000i\000a\000l\000,\000\040\000H\000y\000p\000e\000r\000b\000o\000l\000i\000c\000\040\000a\000n\000d\000\040\000T\000r\000i\000g\000o\000n\000o\000m\000e\000t\000r\000i\000c\000\040\000F\000u\000n\000c\000t\000i\000o\000n}{}% 18
\BOOKMARK [2][-]{subsection.9.1}{\376\377\000T\000h\000e\000\040\000e\000x\000p\000o\000n\000e\000n\000t\000i\000a\000l\000\040\000f\000u\000n\000c\000t\000i\000o\000n}{section.9}% 19
\BOOKMARK [2][-]{subsection.9.2}{\376\377\000T\000h\000e\000\040\000h\000y\000p\000e\000r\000b\000o\000l\000i\000c\000\040\000f\000u\000n\000c\000t\000i\000o\000n\000s}{section.9}% 20
\BOOKMARK [2][-]{subsection.9.3}{\376\377\000T\000h\000e\000\040\000t\000r\000i\000g\000o\000n\000o\000m\000e\000t\000r\000i\000c\000\040\000f\000u\000n\000c\000t\000i\000o\000n\000s}{section.9}% 21
\BOOKMARK [1][-]{section.10}{\376\377\000L\000o\000g\000a\000r\000i\000t\000h\000m\000s\000\040\000a\000n\000d\000\040\000R\000o\000o\000t\000s}{}% 22
\BOOKMARK [1][-]{section.11}{\376\377\000I\000n\000v\000e\000r\000s\000e\000s\000\040\000o\000f\000\040\000e\000x\000p\000o\000n\000e\000n\000t\000i\000a\000l\000\040\000a\000n\000d\000\040\000r\000e\000l\000a\000t\000e\000d\000\040\000f\000u\000n\000c\000t\000i\000o\000n}{}% 23
\BOOKMARK [1][-]{section.12}{\376\377\000C\000o\000n\000t\000o\000u\000r\000\040\000I\000n\000t\000e\000g\000r\000a\000l\000s}{}% 24
\BOOKMARK [1][-]{section.13}{\376\377\000T\000h\000e\000\040\000C\000a\000u\000c\000h\000y\000\040\000G\000o\000u\000r\000s\000a\000t\000\040\000T\000h\000e\000o\000r\000e\000m}{}% 25
\BOOKMARK [1][-]{section.14}{\376\377\000C\000a\000u\000c\000h\000y\000'\000s\000\040\000I\000n\000t\000e\000g\000r\000a\000l\000\040\000F\000o\000r\000m\000u\000l\000a}{}% 26
\BOOKMARK [2][-]{subsection.14.1}{\376\377\000T\000h\000e\000\040\000i\000n\000t\000e\000g\000r\000a\000l\000\040\000f\000o\000r\000m\000u\000l\000a}{section.14}% 27
\BOOKMARK [2][-]{subsection.14.2}{\376\377\000T\000h\000e\000\040\000G\000e\000n\000e\000r\000a\000l\000i\000s\000e\000d\000\040\000I\000n\000t\000e\000g\000r\000a\000l\000\040\000F\000o\000r\000m\000u\000l\000a}{section.14}% 28
\BOOKMARK [1][-]{section.15}{\376\377\000M\000o\000r\000e\000r\000a\000'\000s\000\040\000T\000h\000e\000o\000r\000e\000m\000\040\000a\000n\000d\000\040\000A\000n\000a\000l\000y\000t\000i\000c\000\040\000C\000o\000n\000t\000i\000n\000u\000a\000t\000i\000o\000n}{}% 29
\BOOKMARK [1][-]{section.16}{\376\377\000T\000a\000y\000l\000o\000r\000\040\000S\000e\000r\000i\000e\000s}{}% 30
\BOOKMARK [1][-]{section.17}{\376\377\000L\000a\000u\000r\000e\000n\000t\000'\000s\000\040\000T\000h\000e\000o\000r\000e\000m}{}% 31
\BOOKMARK [1][-]{section.18}{\376\377\000S\000i\000n\000g\000u\000l\000a\000r\000i\000t\000i\000e\000s}{}% 32
\BOOKMARK [1][-]{section.19}{\376\377\000R\000e\000s\000i\000d\000u\000e\000s\000\040\000a\000n\000d\000\040\000R\000e\000s\000i\000d\000u\000e\000\040\000T\000h\000e\000o\000r\000e\000m}{}% 33
\BOOKMARK [2][-]{subsection.19.1}{\376\377\000R\000e\000s\000i\000d\000u\000e\000s}{section.19}% 34
\BOOKMARK [2][-]{subsection.19.2}{\376\377\000C\000a\000u\000c\000h\000y\000'\000s\000\040\000R\000e\000s\000i\000d\000u\000e\000\040\000T\000h\000e\000o\000r\000e\000m}{section.19}% 35
\BOOKMARK [2][-]{subsection.19.3}{\376\377\000C\000o\000m\000p\000u\000t\000i\000n\000g\000\040\000S\000i\000n\000g\000u\000l\000a\000r\000i\000t\000i\000e\000s}{section.19}% 36
